Node: 16  TN_FF_SOURCE Block #0 (n9)
Pin: dff.Q[0] pb (top^state_FF_NODE)
T_arr: 9.492e-11  T_req: -9.17413e-10  Tdel: 1.261e-10
Internal Net: #5 (top^state_FF_NODE).  Pins on net: 3.

Node: 15  TN_FF_OPIN Block #0 (n9)
Pin: dff.Q[0] pb (top^state_FF_NODE)
T_arr: 2.2102e-10  T_req: -7.91313e-10  Tdel: 0
Internal Net: #5 (top^state_FF_NODE).  Pins on net: 3.

Node: 3  TN_CB_OPIN Block #0 (n9)
Pin: clb.O[0] pb (n9)
T_arr: 2.2102e-10  T_req: -7.91313e-10  Tdel: 3.73618e-10
External-to-Block Net: #2 (top^state_FF_NODE).  Pins on net: 3.

Node: 21  TN_CB_IPIN Block #2 (top^gpio1)
Pin: clb.I[0] pb (top^gpio1)
T_arr: 5.94638e-10  T_req: -4.17694e-10  Tdel: 0
Internal Net: #5 (top^state_FF_NODE).  Pins on net: 3.

Node: 23  TN_INTERMEDIATE_NODE Block #2 (top^gpio1)
Pin: lut6.in[0] pb (top^gpio1)
T_arr: 5.94638e-10  T_req: -4.17694e-10  Tdel: 0
Internal Net: #5 (top^state_FF_NODE).  Pins on net: 3.

Node: 25  TN_PRIMITIVE_IPIN Block #2 (top^gpio1)
Pin: lut.in[0] pb (top^gpio1)
T_arr: 5.94638e-10  T_req: -4.17694e-10  Tdel: 1.679e-10
Internal Net: #5 (top^state_FF_NODE).  Pins on net: 3.

Node: 26  TN_PRIMITIVE_OPIN Block #2 (top^gpio1)
Pin: lut.out[0] pb (top^gpio1)
T_arr: 7.62538e-10  T_req: -2.49794e-10  Tdel: 0
Internal Net: #3 (top^gpio1).  Pins on net: 2.

Node: 24  TN_INTERMEDIATE_NODE Block #2 (top^gpio1)
Pin: lut6.out[0] pb (top^gpio1)
T_arr: 7.62538e-10  T_req: -2.49794e-10  Tdel: 0
Internal Net: #3 (top^gpio1).  Pins on net: 2.

Node: 22  TN_CB_OPIN Block #2 (top^gpio1)
Pin: clb.O[0] pb (top^gpio1)
T_arr: 7.62538e-10  T_req: -2.49794e-10  Tdel: 2.23044e-10
External-to-Block Net: #4 (top^gpio1).  Pins on net: 2.

Node: 18  TN_CB_IPIN Block #1 (out:top^gpio1)
Pin: io.outpad[0] pb (out:top^gpio1)
T_arr: 9.85583e-10  T_req: -2.675e-11  Tdel: 2.675e-11
Internal Net: #3 (top^gpio1).  Pins on net: 2.

Node: 19  TN_OUTPAD_IPIN Block #1 (out:top^gpio1)
Pin: outpad.outpad[0] pb (out:top^gpio1)
T_arr: 1.01233e-09  T_req: 0  Tdel: 0
Internal Net: #3 (top^gpio1).  Pins on net: 2.

Node: 20  TN_OUTPAD_SINK Block #1 (out:top^gpio1)
Pin: outpad.outpad[0] pb (out:top^gpio1)T_arr: 1.01233e-09  T_req: 0  
Internal Net: #3 (top^gpio1).  Pins on net: 2.


Tnodes on critical path: 12  Non-global nets on critical path: 2.
Global nets on critical path: 0.
Total logic delay: 3.2075e-10 (s)  Total net delay: 5.96663e-10 (s)
